<?xml version="1.0" encoding="UTF-8"?>
<testng-results ignored="0" total="1" passed="1" failed="0" skipped="0">
  <reporter-output>
  </reporter-output>
  <suite started-at="2023-04-04T15:34:03 IST" name="Default suite" finished-at="2023-04-04T15:34:57 IST" duration-ms="54129">
    <groups>
    </groups>
    <test started-at="2023-04-04T15:34:03 IST" name="Default test" finished-at="2023-04-04T15:34:57 IST" duration-ms="54129">
      <class name="testScripts.Test3">
        <test-method is-config="true" signature="classConfiguration()[pri:0, instance:testScripts.Test3@32ee6fee]" started-at="2023-04-04T15:34:03 IST" name="classConfiguration" finished-at="2023-04-04T15:34:38 IST" duration-ms="35568" status="PASS">
          <reporter-output>
          </reporter-output>
        </test-method> <!-- classConfiguration -->
        <test-method is-config="true" signature="methodConfiguration()[pri:0, instance:testScripts.Test3@32ee6fee]" started-at="2023-04-04T15:34:38 IST" name="methodConfiguration" finished-at="2023-04-04T15:34:40 IST" duration-ms="1668" status="PASS">
          <reporter-output>
          </reporter-output>
        </test-method> <!-- methodConfiguration -->
        <test-method signature="test3()[pri:0, instance:testScripts.Test3@32ee6fee]" started-at="2023-04-04T15:34:40 IST" name="test3" finished-at="2023-04-04T15:34:57 IST" duration-ms="16574" status="PASS">
          <reporter-output>
          </reporter-output>
        </test-method> <!-- test3 -->
        <test-method is-config="true" signature="methodTearDown()[pri:0, instance:testScripts.Test3@32ee6fee]" started-at="2023-04-04T15:34:57 IST" name="methodTearDown" finished-at="2023-04-04T15:34:57 IST" duration-ms="0" status="PASS">
          <reporter-output>
          </reporter-output>
        </test-method> <!-- methodTearDown -->
        <test-method is-config="true" signature="classTearDown()[pri:0, instance:testScripts.Test3@32ee6fee]" started-at="2023-04-04T15:34:57 IST" name="classTearDown" finished-at="2023-04-04T15:34:57 IST" duration-ms="270" status="PASS">
          <reporter-output>
          </reporter-output>
        </test-method> <!-- classTearDown -->
      </class> <!-- testScripts.Test3 -->
    </test> <!-- Default test -->
  </suite> <!-- Default suite -->
</testng-results>
